<?xml version="1.0" encoding="UTF-8"?>
<coverage generated="1669387181758" clover="3.2.0">
  <project timestamp="1669387181758" name="All files">
    <metrics statements="30" coveredstatements="30" conditionals="8" coveredconditionals="7" methods="12" coveredmethods="12" elements="50" coveredelements="49" complexity="0" loc="30" ncloc="30" packages="4" files="5" classes="5"/>
    <package name="components.atoms">
      <metrics statements="1" coveredstatements="1" conditionals="0" coveredconditionals="0" methods="0" coveredmethods="0"/>
      <file name="ToDoСounter.vue" path="C:\Users\Алексей\Desktop\vue\src\components\atoms\ToDoСounter.vue">
        <metrics statements="1" coveredstatements="1" conditionals="0" coveredconditionals="0" methods="0" coveredmethods="0"/>
        <line num="8" count="2" type="stmt"/>
      </file>
    </package>
    <package name="components.molecules">
      <metrics statements="2" coveredstatements="2" conditionals="0" coveredconditionals="0" methods="0" coveredmethods="0"/>
      <file name="ToDoTask.vue" path="C:\Users\Алексей\Desktop\vue\src\components\molecules\ToDoTask.vue">
        <metrics statements="2" coveredstatements="2" conditionals="0" coveredconditionals="0" methods="0" coveredmethods="0"/>
        <line num="13" count="2" type="stmt"/>
        <line num="14" count="2" type="stmt"/>
      </file>
    </package>
    <package name="components.organisms">
      <metrics statements="4" coveredstatements="4" conditionals="0" coveredconditionals="0" methods="0" coveredmethods="0"/>
      <file name="ToDoList.vue" path="C:\Users\Алексей\Desktop\vue\src\components\organisms\ToDoList.vue">
        <metrics statements="2" coveredstatements="2" conditionals="0" coveredconditionals="0" methods="0" coveredmethods="0"/>
        <line num="18" count="1" type="stmt"/>
        <line num="19" count="1" type="stmt"/>
      </file>
      <file name="ToDoTabs.vue" path="C:\Users\Алексей\Desktop\vue\src\components\organisms\ToDoTabs.vue">
        <metrics statements="2" coveredstatements="2" conditionals="0" coveredconditionals="0" methods="0" coveredmethods="0"/>
        <line num="17" count="1" type="stmt"/>
        <line num="18" count="1" type="stmt"/>
      </file>
    </package>
    <package name="store">
      <metrics statements="23" coveredstatements="23" conditionals="8" coveredconditionals="7" methods="12" coveredmethods="12"/>
      <file name="index.js" path="C:\Users\Алексей\Desktop\vue\src\store\index.js">
        <metrics statements="23" coveredstatements="23" conditionals="8" coveredconditionals="7" methods="12" coveredmethods="12"/>
        <line num="5" count="1" type="stmt"/>
        <line num="7" count="1" type="stmt"/>
        <line num="17" count="1" type="stmt"/>
        <line num="19" count="2" type="stmt"/>
        <line num="20" count="8" type="cond" truecount="2" falsecount="0"/>
        <line num="21" count="2" type="stmt"/>
        <line num="24" count="2" type="stmt"/>
        <line num="27" count="7" type="stmt"/>
        <line num="28" count="2" type="stmt"/>
        <line num="31" count="1" type="stmt"/>
        <line num="36" count="1" type="stmt"/>
        <line num="37" count="1" type="stmt"/>
        <line num="40" count="2" type="stmt"/>
        <line num="44" count="1" type="stmt"/>
        <line num="46" count="3" type="cond" truecount="2" falsecount="0"/>
        <line num="47" count="1" type="stmt"/>
        <line num="48" count="2" type="cond" truecount="2" falsecount="0"/>
        <line num="49" count="3" type="stmt"/>
        <line num="50" count="1" type="cond" truecount="1" falsecount="1"/>
        <line num="51" count="3" type="stmt"/>
        <line num="55" count="3" type="stmt"/>
        <line num="58" count="1" type="stmt"/>
        <line num="62" count="1" type="stmt"/>
      </file>
    </package>
  </project>
</coverage>
