<?xml version="1.0" encoding="UTF-8"?>
<coverage generated="1669198207219" clover="3.2.0">
  <project timestamp="1669198207219" name="All files">
    <metrics statements="32" coveredstatements="29" conditionals="8" coveredconditionals="7" methods="12" coveredmethods="9" elements="52" coveredelements="45" complexity="0" loc="32" ncloc="32" packages="3" files="4" classes="4"/>
    <package name="components.molecules">
      <metrics statements="2" coveredstatements="2" conditionals="0" coveredconditionals="0" methods="0" coveredmethods="0"/>
      <file name="ToDoTask.vue" path="C:\Users\Алексей\Desktop\vue\src\components\molecules\ToDoTask.vue">
        <metrics statements="2" coveredstatements="2" conditionals="0" coveredconditionals="0" methods="0" coveredmethods="0"/>
        <line num="13" count="2" type="stmt"/>
        <line num="14" count="2" type="stmt"/>
      </file>
    </package>
    <package name="components.organisms">
      <metrics statements="4" coveredstatements="4" conditionals="0" coveredconditionals="0" methods="0" coveredmethods="0"/>
      <file name="ToDoList.vue" path="C:\Users\Алексей\Desktop\vue\src\components\organisms\ToDoList.vue">
        <metrics statements="2" coveredstatements="2" conditionals="0" coveredconditionals="0" methods="0" coveredmethods="0"/>
        <line num="18" count="1" type="stmt"/>
        <line num="19" count="1" type="stmt"/>
      </file>
      <file name="ToDoTabs.vue" path="C:\Users\Алексей\Desktop\vue\src\components\organisms\ToDoTabs.vue">
        <metrics statements="2" coveredstatements="2" conditionals="0" coveredconditionals="0" methods="0" coveredmethods="0"/>
        <line num="17" count="1" type="stmt"/>
        <line num="18" count="1" type="stmt"/>
      </file>
    </package>
    <package name="store">
      <metrics statements="26" coveredstatements="23" conditionals="8" coveredconditionals="7" methods="12" coveredmethods="9"/>
      <file name="index.js" path="C:\Users\Алексей\Desktop\vue\src\store\index.js">
        <metrics statements="26" coveredstatements="23" conditionals="8" coveredconditionals="7" methods="12" coveredmethods="9"/>
        <line num="5" count="2" type="stmt"/>
        <line num="7" count="2" type="stmt"/>
        <line num="17" count="2" type="stmt"/>
        <line num="19" count="2" type="stmt"/>
        <line num="20" count="8" type="cond" truecount="2" falsecount="0"/>
        <line num="21" count="2" type="stmt"/>
        <line num="24" count="2" type="stmt"/>
        <line num="27" count="7" type="stmt"/>
        <line num="28" count="2" type="stmt"/>
        <line num="31" count="1" type="stmt"/>
        <line num="36" count="1" type="stmt"/>
        <line num="37" count="1" type="stmt"/>
        <line num="40" count="2" type="stmt"/>
        <line num="44" count="2" type="stmt"/>
        <line num="46" count="3" type="cond" truecount="2" falsecount="0"/>
        <line num="47" count="1" type="stmt"/>
        <line num="49" count="2" type="cond" truecount="2" falsecount="0"/>
        <line num="50" count="3" type="stmt"/>
        <line num="51" count="1" type="stmt"/>
        <line num="53" count="1" type="cond" truecount="1" falsecount="1"/>
        <line num="54" count="3" type="stmt"/>
        <line num="55" count="1" type="stmt"/>
        <line num="59" count="0" type="stmt"/>
        <line num="62" count="0" type="stmt"/>
        <line num="63" count="0" type="stmt"/>
        <line num="67" count="2" type="stmt"/>
      </file>
    </package>
  </project>
</coverage>
