{"C:\\Users\\Алексей\\Desktop\\vue\\src\\components\\molecules\\ToDoTask.vue": {"path":"C:\\Users\\Алексей\\Desktop\\vue\\src\\components\\molecules\\ToDoTask.vue","statementMap":{"0":{"start":{"line":13,"column":0},"end":{"line":13,"column":null}},"1":{"start":{"line":14,"column":0},"end":{"line":14,"column":null}}},"fnMap":{},"branchMap":{},"s":{"0":2,"1":2},"f":{},"b":{}}
,"C:\\Users\\Алексей\\Desktop\\vue\\src\\components\\organisms\\ToDoList.vue": {"path":"C:\\Users\\Алексей\\Desktop\\vue\\src\\components\\organisms\\ToDoList.vue","statementMap":{"0":{"start":{"line":18,"column":0},"end":{"line":18,"column":null}},"1":{"start":{"line":19,"column":0},"end":{"line":19,"column":null}}},"fnMap":{},"branchMap":{},"s":{"0":1,"1":1},"f":{},"b":{}}
,"C:\\Users\\Алексей\\Desktop\\vue\\src\\components\\organisms\\ToDoTabs.vue": {"path":"C:\\Users\\Алексей\\Desktop\\vue\\src\\components\\organisms\\ToDoTabs.vue","statementMap":{"0":{"start":{"line":17,"column":0},"end":{"line":17,"column":null}},"1":{"start":{"line":18,"column":0},"end":{"line":18,"column":null}}},"fnMap":{},"branchMap":{},"s":{"0":1,"1":1},"f":{},"b":{}}
,"C:\\Users\\Алексей\\Desktop\\vue\\src\\store\\index.js": {"path":"C:\\Users\\Алексей\\Desktop\\vue\\src\\store\\index.js","statementMap":{"0":{"start":{"line":5,"column":0},"end":{"line":5,"column":14}},"1":{"start":{"line":7,"column":21},"end":{"line":15,"column":1}},"2":{"start":{"line":17,"column":25},"end":{"line":42,"column":1}},"3":{"start":{"line":19,"column":4},"end":{"line":23,"column":7}},"4":{"start":{"line":20,"column":6},"end":{"line":22,"column":7}},"5":{"start":{"line":21,"column":8},"end":{"line":21,"column":41}},"6":{"start":{"line":24,"column":4},"end":{"line":24,"column":63}},"7":{"start":{"line":27,"column":4},"end":{"line":27,"column":62}},"8":{"start":{"line":27,"column":47},"end":{"line":27,"column":60}},"9":{"start":{"line":28,"column":4},"end":{"line":28,"column":63}},"10":{"start":{"line":31,"column":20},"end":{"line":35,"column":5}},"11":{"start":{"line":36,"column":4},"end":{"line":36,"column":30}},"12":{"start":{"line":37,"column":4},"end":{"line":37,"column":63}},"13":{"start":{"line":40,"column":4},"end":{"line":40,"column":27}},"14":{"start":{"line":44,"column":23},"end":{"line":65,"column":1}},"15":{"start":{"line":46,"column":4},"end":{"line":56,"column":5}},"16":{"start":{"line":47,"column":6},"end":{"line":47,"column":25}},"17":{"start":{"line":49,"column":9},"end":{"line":56,"column":5}},"18":{"start":{"line":50,"column":6},"end":{"line":50,"column":74}},"19":{"start":{"line":50,"column":48},"end":{"line":50,"column":72}},"20":{"start":{"line":51,"column":6},"end":{"line":51,"column":23}},"21":{"start":{"line":53,"column":9},"end":{"line":56,"column":5}},"22":{"start":{"line":54,"column":6},"end":{"line":54,"column":73}},"23":{"start":{"line":54,"column":48},"end":{"line":54,"column":71}},"24":{"start":{"line":55,"column":6},"end":{"line":55,"column":23}},"25":{"start":{"line":59,"column":4},"end":{"line":59,"column":74}},"26":{"start":{"line":59,"column":41},"end":{"line":59,"column":64}},"27":{"start":{"line":62,"column":4},"end":{"line":62,"column":35}},"28":{"start":{"line":63,"column":4},"end":{"line":63,"column":30}},"29":{"start":{"line":67,"column":14},"end":{"line":71,"column":2}}},"fnMap":{"0":{"name":"(anonymous_0)","decl":{"start":{"line":18,"column":2},"end":{"line":18,"column":3}},"loc":{"start":{"line":18,"column":30},"end":{"line":25,"column":3}},"line":18},"1":{"name":"(anonymous_1)","decl":{"start":{"line":19,"column":20},"end":{"line":19,"column":21}},"loc":{"start":{"line":19,"column":30},"end":{"line":23,"column":5}},"line":19},"2":{"name":"(anonymous_2)","decl":{"start":{"line":26,"column":2},"end":{"line":26,"column":3}},"loc":{"start":{"line":26,"column":24},"end":{"line":29,"column":3}},"line":26},"3":{"name":"(anonymous_3)","decl":{"start":{"line":27,"column":37},"end":{"line":27,"column":38}},"loc":{"start":{"line":27,"column":47},"end":{"line":27,"column":60}},"line":27},"4":{"name":"(anonymous_4)","decl":{"start":{"line":30,"column":2},"end":{"line":30,"column":3}},"loc":{"start":{"line":30,"column":24},"end":{"line":38,"column":3}},"line":30},"5":{"name":"(anonymous_5)","decl":{"start":{"line":39,"column":2},"end":{"line":39,"column":3}},"loc":{"start":{"line":39,"column":31},"end":{"line":41,"column":3}},"line":39},"6":{"name":"(anonymous_6)","decl":{"start":{"line":45,"column":2},"end":{"line":45,"column":3}},"loc":{"start":{"line":45,"column":21},"end":{"line":57,"column":3}},"line":45},"7":{"name":"(anonymous_7)","decl":{"start":{"line":50,"column":38},"end":{"line":50,"column":39}},"loc":{"start":{"line":50,"column":48},"end":{"line":50,"column":72}},"line":50},"8":{"name":"(anonymous_8)","decl":{"start":{"line":54,"column":38},"end":{"line":54,"column":39}},"loc":{"start":{"line":54,"column":48},"end":{"line":54,"column":71}},"line":54},"9":{"name":"(anonymous_9)","decl":{"start":{"line":58,"column":2},"end":{"line":58,"column":3}},"loc":{"start":{"line":58,"column":22},"end":{"line":60,"column":3}},"line":58},"10":{"name":"(anonymous_10)","decl":{"start":{"line":59,"column":31},"end":{"line":59,"column":32}},"loc":{"start":{"line":59,"column":41},"end":{"line":59,"column":64}},"line":59},"11":{"name":"(anonymous_11)","decl":{"start":{"line":61,"column":2},"end":{"line":61,"column":3}},"loc":{"start":{"line":61,"column":21},"end":{"line":64,"column":3}},"line":61}},"branchMap":{"0":{"loc":{"start":{"line":20,"column":6},"end":{"line":22,"column":7}},"type":"if","locations":[{"start":{"line":20,"column":6},"end":{"line":22,"column":7}},{"start":{"line":20,"column":6},"end":{"line":22,"column":7}}],"line":20},"1":{"loc":{"start":{"line":46,"column":4},"end":{"line":56,"column":5}},"type":"if","locations":[{"start":{"line":46,"column":4},"end":{"line":56,"column":5}},{"start":{"line":46,"column":4},"end":{"line":56,"column":5}}],"line":46},"2":{"loc":{"start":{"line":49,"column":9},"end":{"line":56,"column":5}},"type":"if","locations":[{"start":{"line":49,"column":9},"end":{"line":56,"column":5}},{"start":{"line":49,"column":9},"end":{"line":56,"column":5}}],"line":49},"3":{"loc":{"start":{"line":53,"column":9},"end":{"line":56,"column":5}},"type":"if","locations":[{"start":{"line":53,"column":9},"end":{"line":56,"column":5}},{"start":{"line":53,"column":9},"end":{"line":56,"column":5}}],"line":53}},"s":{"0":2,"1":2,"2":2,"3":2,"4":8,"5":2,"6":2,"7":2,"8":7,"9":2,"10":1,"11":1,"12":1,"13":2,"14":2,"15":3,"16":1,"17":2,"18":1,"19":3,"20":1,"21":1,"22":1,"23":3,"24":1,"25":0,"26":0,"27":0,"28":0,"29":2},"f":{"0":2,"1":8,"2":2,"3":7,"4":1,"5":2,"6":3,"7":3,"8":3,"9":0,"10":0,"11":0},"b":{"0":[2,6],"1":[1,2],"2":[1,1],"3":[1,0]},"_coverageSchema":"43e27e138ebf9cfc5966b082cf9a028302ed4184","hash":"e9a3b30a780ecd6b70920eda966741e8d1554c30"}
}
