TN:
SF:C:\Users\Алексей\Desktop\vue\src\components\molecules\ToDoTask.vue
FNF:0
FNH:0
DA:13,2
DA:14,2
LF:2
LH:2
BRF:0
BRH:0
end_of_record
TN:
SF:C:\Users\Алексей\Desktop\vue\src\components\organisms\ToDoList.vue
FNF:0
FNH:0
DA:18,1
DA:19,1
LF:2
LH:2
BRF:0
BRH:0
end_of_record
TN:
SF:C:\Users\Алексей\Desktop\vue\src\components\organisms\ToDoTabs.vue
FNF:0
FNH:0
DA:17,1
DA:18,1
LF:2
LH:2
BRF:0
BRH:0
end_of_record
TN:
SF:C:\Users\Алексей\Desktop\vue\src\store\index.js
FN:18,(anonymous_0)
FN:19,(anonymous_1)
FN:26,(anonymous_2)
FN:27,(anonymous_3)
FN:30,(anonymous_4)
FN:39,(anonymous_5)
FN:45,(anonymous_6)
FN:50,(anonymous_7)
FN:54,(anonymous_8)
FN:58,(anonymous_9)
FN:59,(anonymous_10)
FN:61,(anonymous_11)
FNF:12
FNH:9
FNDA:2,(anonymous_0)
FNDA:8,(anonymous_1)
FNDA:2,(anonymous_2)
FNDA:7,(anonymous_3)
FNDA:1,(anonymous_4)
FNDA:2,(anonymous_5)
FNDA:3,(anonymous_6)
FNDA:3,(anonymous_7)
FNDA:3,(anonymous_8)
FNDA:0,(anonymous_9)
FNDA:0,(anonymous_10)
FNDA:0,(anonymous_11)
DA:5,2
DA:7,2
DA:17,2
DA:19,2
DA:20,8
DA:21,2
DA:24,2
DA:27,7
DA:28,2
DA:31,1
DA:36,1
DA:37,1
DA:40,2
DA:44,2
DA:46,3
DA:47,1
DA:49,2
DA:50,3
DA:51,1
DA:53,1
DA:54,3
DA:55,1
DA:59,0
DA:62,0
DA:63,0
DA:67,2
LF:26
LH:23
BRDA:20,0,0,2
BRDA:20,0,1,6
BRDA:46,1,0,1
BRDA:46,1,1,2
BRDA:49,2,0,1
BRDA:49,2,1,1
BRDA:53,3,0,1
BRDA:53,3,1,0
BRF:8
BRH:7
end_of_record
